
Scratch directory: /tmp/

*** tstart() called on CSM-NSTAIR-01
*** at Wed Jul  2 15:48:51 2025

   => Loading Basis Set <=

    Name: STO-6G
    Role: ORBITAL
    Keyword: BASIS
    atoms 1-2 entry O          line   115 file /Users/nstair/anaconda3/envs/qforte_env_v1/share/psi4/basis/sto-6g.gbs 


         ---------------------------------------------------------
                                   SCF
               by Justin Turney, Rob Parrish, Andy Simmonett
                          and Daniel G. A. Smith
                              RHF Reference
                        1 Threads,   1907 MiB Core
         ---------------------------------------------------------

  ==> Geometry <==

    Molecular point group: d2h
    Full point group: D_inf_h

    Geometry (in Angstrom), charge = 0, multiplicity = 1:

       Center              X                  Y                   Z               Mass       
    ------------   -----------------  -----------------  -----------------  -----------------
         O            0.000000000000     0.000000000000    -0.550000000000    15.994914619570
         O            0.000000000000     0.000000000000     0.550000000000    15.994914619570

  Running in d2h symmetry.

  Rotational constants: A = ************  B =      1.74204  C =      1.74204 [cm^-1]
  Rotational constants: A = ************  B =  52225.17435  C =  52225.17435 [MHz]
  Nuclear repulsion =   30.788492257163632

  Charge       = 0
  Multiplicity = 1
  Electrons    = 16
  Nalpha       = 8
  Nbeta        = 8

  ==> Algorithm <==

  SCF Algorithm Type is PK.
  DIIS enabled.
  MOM disabled.
  Fractional occupation disabled.
  Guess Type is SAD.
  Energy threshold   = 1.00e-08
  Density threshold  = 1.00e-08
  Integral threshold = 1.00e-12

  ==> Primary Basis <==

  Basis Set: STO-6G
    Blend: STO-6G
    Number of shells: 6
    Number of basis functions: 10
    Number of Cartesian functions: 10
    Spherical Harmonics?: true
    Max angular momentum: 1

  ==> Integral Setup <==

  Using in-core PK algorithm.
   Calculation information:
      Number of atoms:                   2
      Number of AO shells:               6
      Number of primitives:             36
      Number of atomic orbitals:        10
      Number of basis functions:        10

      Integral cutoff                 1.00e-12
      Number of threads:                 1

  Performing in-core PK
  Using 3080 doubles for integral storage.
  We computed 231 shell quartets total.
  Whereas there are 231 unique shell quartets.

  ==> DiskJK: Disk-Based J/K Matrices <==

    J tasked:                  Yes
    K tasked:                  Yes
    wK tasked:                  No
    Memory [MiB]:             1430
    Schwarz Cutoff:          1E-12

    OpenMP threads:              1

  Minimum eigenvalue in the overlap matrix is 4.1008398391E-01.
  Reciprocal condition number of the overlap matrix is 2.5003161217E-01.
    Using symmetric orthogonalization.

  ==> Pre-Iterations <==

  SCF Guess: Superposition of Atomic Densities via on-the-fly atomic UHF (no occupation information).

   -------------------------
    Irrep   Nso     Nmo    
   -------------------------
     Ag         3       3 
     B1g        0       0 
     B2g        1       1 
     B3g        1       1 
     Au         0       0 
     B1u        3       3 
     B2u        1       1 
     B3u        1       1 
   -------------------------
    Total      10      10
   -------------------------

  ==> Iterations <==

                        Total Energy        Delta E     RMS |[F,P]|

   @RHF iter SAD:  -148.32370745357625   -1.48324e+02   0.00000e+00 
   @RHF iter   1:  -148.91160034462177   -5.87893e-01   3.13998e-02 DIIS/ADIIS
   @RHF iter   2:  -148.92429451700639   -1.26942e-02   6.90003e-03 DIIS/ADIIS
   @RHF iter   3:  -148.92500488819468   -7.10371e-04   4.94887e-04 DIIS/ADIIS
   @RHF iter   4:  -148.92500798085118   -3.09266e-06   4.40163e-06 DIIS
   @RHF iter   5:  -148.92500798114139   -2.90214e-10   6.58849e-09 DIIS
  Energy and wave function converged.


  ==> Post-Iterations <==

    Orbital Energies [Eh]
    ---------------------

    Doubly Occupied:                                                      

       1Ag   -20.720257     1B1u  -20.719831     2Ag    -1.683940  
       2B1u   -0.980761     1B3u   -0.714748     3Ag    -0.627440  
       1B2u   -0.605117     1B2g   -0.310335  

    Virtual:                                                              

       1B3g    0.222322     3B1u    0.913314  

    Final Occupation by Irrep:
             Ag   B1g   B2g   B3g    Au   B1u   B2u   B3u 
    DOCC [     3,    0,    1,    0,    0,    2,    1,    1 ]

  @RHF Final Energy:  -148.92500798114139

   => Energetics <=

    Nuclear Repulsion Energy =             30.7884922571636324
    One-Electron Energy =                -266.7021421819242164
    Two-Electron Energy =                  86.9886419436192000
    Total Energy =                       -148.9250079811413912

Computation Completed


Properties will be evaluated at   0.000000,   0.000000,   0.000000 [a0]

Properties computed using the SCF density matrix


 Multipole Moments:

 ------------------------------------------------------------------------------------
     Multipole            Electronic (a.u.)      Nuclear  (a.u.)        Total (a.u.)
 ------------------------------------------------------------------------------------

 L = 1.  Multiply by 2.5417464519 to convert [e a0] to [Debye]
 Dipole X            :          0.0000000            0.0000000            0.0000000
 Dipole Y            :          0.0000000            0.0000000            0.0000000
 Dipole Z            :          0.0000000            0.0000000            0.0000000
 Magnitude           :                                                    0.0000000

 ------------------------------------------------------------------------------------

*** tstop() called on CSM-NSTAIR-01 at Wed Jul  2 15:48:51 2025
Module time:
	user time   =       0.24 seconds =       0.00 minutes
	system time =       0.02 seconds =       0.00 minutes
	total time  =          0 seconds =       0.00 minutes
Total time:
	user time   =       0.24 seconds =       0.00 minutes
	system time =       0.02 seconds =       0.00 minutes
	total time  =          0 seconds =       0.00 minutes

Scratch directory: /tmp/

*** tstart() called on CSM-NSTAIR-01
*** at Wed Jul  2 15:48:51 2025

   => Loading Basis Set <=

    Name: STO-6G
    Role: ORBITAL
    Keyword: BASIS
    atoms 1-2 entry O          line   115 file /Users/nstair/anaconda3/envs/qforte_env_v1/share/psi4/basis/sto-6g.gbs 


         ---------------------------------------------------------
                                   SCF
               by Justin Turney, Rob Parrish, Andy Simmonett
                          and Daniel G. A. Smith
                              RHF Reference
                        1 Threads,   1907 MiB Core
         ---------------------------------------------------------

  ==> Geometry <==

    Molecular point group: d2h
    Full point group: D_inf_h

    Geometry (in Angstrom), charge = 0, multiplicity = 1:

       Center              X                  Y                   Z               Mass       
    ------------   -----------------  -----------------  -----------------  -----------------
         O            0.000000000000     0.000000000000    -0.550000000000    15.994914619570
         O            0.000000000000     0.000000000000     0.550000000000    15.994914619570

  Running in d2h symmetry.

  Rotational constants: A = ************  B =      1.74204  C =      1.74204 [cm^-1]
  Rotational constants: A = ************  B =  52225.17435  C =  52225.17435 [MHz]
  Nuclear repulsion =   30.788492257163632

  Charge       = 0
  Multiplicity = 1
  Electrons    = 16
  Nalpha       = 8
  Nbeta        = 8

  ==> Algorithm <==

  SCF Algorithm Type is PK.
  DIIS enabled.
  MOM disabled.
  Fractional occupation disabled.
  Guess Type is SAD.
  Energy threshold   = 1.00e-08
  Density threshold  = 1.00e-08
  Integral threshold = 1.00e-12

  ==> Primary Basis <==

  Basis Set: STO-6G
    Blend: STO-6G
    Number of shells: 6
    Number of basis functions: 10
    Number of Cartesian functions: 10
    Spherical Harmonics?: true
    Max angular momentum: 1

  ==> Integral Setup <==

  Using in-core PK algorithm.
   Calculation information:
      Number of atoms:                   2
      Number of AO shells:               6
      Number of primitives:             36
      Number of atomic orbitals:        10
      Number of basis functions:        10

      Integral cutoff                 1.00e-12
      Number of threads:                 1

  Performing in-core PK
  Using 3080 doubles for integral storage.
  We computed 231 shell quartets total.
  Whereas there are 231 unique shell quartets.

  ==> DiskJK: Disk-Based J/K Matrices <==

    J tasked:                  Yes
    K tasked:                  Yes
    wK tasked:                  No
    Memory [MiB]:             1430
    Schwarz Cutoff:          1E-12

    OpenMP threads:              1

  Minimum eigenvalue in the overlap matrix is 4.1008398391E-01.
  Reciprocal condition number of the overlap matrix is 2.5003161217E-01.
    Using symmetric orthogonalization.

  ==> Pre-Iterations <==

  SCF Guess: Superposition of Atomic Densities via on-the-fly atomic UHF (no occupation information).

   -------------------------
    Irrep   Nso     Nmo    
   -------------------------
     Ag         3       3 
     B1g        0       0 
     B2g        1       1 
     B3g        1       1 
     Au         0       0 
     B1u        3       3 
     B2u        1       1 
     B3u        1       1 
   -------------------------
    Total      10      10
   -------------------------

  ==> Iterations <==

                        Total Energy        Delta E     RMS |[F,P]|

   @RHF iter SAD:  -148.32370745357625   -1.48324e+02   0.00000e+00 
   @RHF iter   1:  -148.91160034462177   -5.87893e-01   3.13998e-02 DIIS/ADIIS
   @RHF iter   2:  -148.92429451700639   -1.26942e-02   6.90003e-03 DIIS/ADIIS
   @RHF iter   3:  -148.92500488819468   -7.10371e-04   4.94887e-04 DIIS/ADIIS
   @RHF iter   4:  -148.92500798085118   -3.09266e-06   4.40163e-06 DIIS
   @RHF iter   5:  -148.92500798114139   -2.90214e-10   6.58849e-09 DIIS
  Energy and wave function converged.


  ==> Post-Iterations <==

    Orbital Energies [Eh]
    ---------------------

    Doubly Occupied:                                                      

       1Ag   -20.720257     1B1u  -20.719831     2Ag    -1.683940  
       2B1u   -0.980761     1B3u   -0.714748     3Ag    -0.627440  
       1B2u   -0.605117     1B2g   -0.310335  

    Virtual:                                                              

       1B3g    0.222322     3B1u    0.913314  

    Final Occupation by Irrep:
             Ag   B1g   B2g   B3g    Au   B1u   B2u   B3u 
    DOCC [     3,    0,    1,    0,    0,    2,    1,    1 ]

  @RHF Final Energy:  -148.92500798114139

   => Energetics <=

    Nuclear Repulsion Energy =             30.7884922571636324
    One-Electron Energy =                -266.7021421819242164
    Two-Electron Energy =                  86.9886419436192000
    Total Energy =                       -148.9250079811413912

Computation Completed


Properties will be evaluated at   0.000000,   0.000000,   0.000000 [a0]

Properties computed using the SCF density matrix


 Multipole Moments:

 ------------------------------------------------------------------------------------
     Multipole            Electronic (a.u.)      Nuclear  (a.u.)        Total (a.u.)
 ------------------------------------------------------------------------------------

 L = 1.  Multiply by 2.5417464519 to convert [e a0] to [Debye]
 Dipole X            :          0.0000000            0.0000000            0.0000000
 Dipole Y            :          0.0000000            0.0000000            0.0000000
 Dipole Z            :          0.0000000            0.0000000            0.0000000
 Magnitude           :                                                    0.0000000

 ------------------------------------------------------------------------------------

*** tstop() called on CSM-NSTAIR-01 at Wed Jul  2 15:48:51 2025
Module time:
	user time   =       0.23 seconds =       0.00 minutes
	system time =       0.01 seconds =       0.00 minutes
	total time  =          0 seconds =       0.00 minutes
Total time:
	user time   =       0.52 seconds =       0.01 minutes
	system time =       0.03 seconds =       0.00 minutes
	total time  =          0 seconds =       0.00 minutes
 MINTS: Wrapper to libmints.
   by Justin Turney

   Calculation information:
      Number of threads:                 1
      Number of atoms:                   2
      Number of AO shells:               6
      Number of SO shells:               3
      Number of primitives:             36
      Number of atomic orbitals:        10
      Number of basis functions:        10

      Number of irreps:                  8
      Integral cutoff                 1.00e-12
      Number of functions per irrep: [   3    0    1    1    0    3    1    1 ]

 OEINTS: Overlap, kinetic, potential, dipole, and quadrupole integrals
         stored in file 35.

      Computing two-electron integrals...done
      Computed 292 non-zero two-electron integrals.
        Stored in file 33.


         ---------------------------------------------------------
                          Configuration Interaction
                            (a 'D E T C I' module)

                 C. David Sherrill, Daniel G. A. Smith, and
                              Matt L. Leininger
         ---------------------------------------------------------


   ==> Parameters <==

    EX LEVEL       =       16      H0 BLOCKSIZE  =     1000
    VAL EX LEVEL   =        0      H0 GUESS SIZE =     1000
    H0COUPLINGSIZE =        0      H0 COUPLING   =       NO
    MAXITER        =      100      NUM PRINT     =       20
    NUM ROOTS      =        1      ICORE         =        1
    PRINT LVL      =        1      FCI           =      YES
    R CONV         = 1.00e-04      MIXED         =      YES
    E CONV         = 1.00e-08      MIXED4        =      YES
    R4S            =       NO      REPL OTF      =       NO
    DIAG METHOD    =      SEM      FOLLOW ROOT   =        0
    PRECONDITIONER = DAVIDSON      UPDATE        = DAVIDSON
    S              =   0.0000      Ms0           =      YES
    GUESS VECTOR   =  H0BLOCK      OPENTYPE      =     NONE
    COLLAPSE SIZE  =        1      HD AVG        = EVANGELISTI
    MAX NUM VECS   =      101      REF SYM       =     AUTO
    IOPEN        =       NO

    EX ALLOW       =  1  1  1  1  1  1  1  1  1  1  1  1  1  1  1  1 
    STATE AVERAGE  =  0(1.00) 

   ==> CI Orbital and Space information <==

   ------------------------------------------------------------------------------
               Space    Total    Ag   B1g   B2g   B3g    Au   B1u   B2u   B3u
   ------------------------------------------------------------------------------
                 Nso       10     3     0     1     1     0     3     1     1
                 Nmo       10     3     0     1     1     0     3     1     1
               Ndocc        8     3     0     1     0     0     2     1     1
               Nsocc        0     0     0     0     0     0     0     0     0
   ------------------------------------------------------------------------------
                                   CI Spaces
   ------------------------------------------------------------------------------
        Dropped DOCC        0     0     0     0     0     0     0     0     0
              Active       10     3     0     1     1     0     3     1     1
        Dropped UOCC        0     0     0     0     0     0     0     0     0
   ------------------------------------------------------------------------------

   ==> Setting up CI strings <==

    There are 45 alpha and 45 beta strings
    The CI space requires 309 (3.09E+02) determinants and 8 blocks

   ==> Transforming CI integrals <==

	Presorting SO-basis two-electron integrals.
	Sorting File: SO Ints (nn|nn) nbuckets = 1
	Constructing frozen core operators
	Starting first half-transformation.
	Sorting half-transformed integrals.
	First half integral transformation complete.
	Starting second half-transformation.
	Two-electron integral transformation complete.

   ==> Starting CI iterations <==

    H0 Block Eigenvalue = -149.05195207

    Simultaneous Expansion Method (Block Davidson Method)
    Using 1 initial trial vectors

     Iter   Root       Total Energy       Delta E      C RMS

   @CI  0:     0   -149.051952072964   -1.7984E+02   5.9674E-13  
    Warning: Norm of correction (root 0) is < 1.0E-13
   @CI  1:     0   -149.051952072964   0.0000E+00   1.9620E-12 c

   ==> Energetics <==

    SCF energy =         -148.925007981141391
    Total CI energy =    -149.051952072964241

   ==> FCI root 0 information <==

    FCI Root 0 energy =  -149.051952072964241

   The 20 most important determinants:

    *   1   -0.686323  (   19,   19)  1AgX 2AgX 3AgX 1B2gX 1B1uX 2B1uX 1B2uX 1B3uX 
    *   2    0.686323  (   13,   13)  1AgX 2AgX 3AgX 1B1uX 2B1uX 1B2uX 1B3uX 1B3gX 
    *   3    0.135297  (   33,   33)  1AgX 2AgX 3AgX 1B2gX 1B1uX 2B1uX 1B3uX 1B3gX 
    *   4   -0.135297  (   39,   39)  1AgX 2AgX 3AgX 1B2gX 1B1uX 2B1uX 1B2uX 1B3gX 
    *   5   -0.040984  (   33,   34)  1AgX 2AgX 3AgA 1B2gX 1B1uX 2B1uX 1B2uB 1B3uX 1B3gA 3B1uB 
    *   6   -0.040984  (   34,   33)  1AgX 2AgX 3AgB 1B2gX 1B1uX 2B1uX 1B2uA 1B3uX 1B3gB 3B1uA 
    *   7    0.040984  (   39,   42)  1AgX 2AgX 3AgA 1B2gA 1B1uX 2B1uX 1B2uX 1B3uB 1B3gX 3B1uB 
    *   8    0.040984  (   42,   39)  1AgX 2AgX 3AgB 1B2gB 1B1uX 2B1uX 1B2uX 1B3uA 1B3gX 3B1uA 
    *   9   -0.036521  (   19,   22)  1AgX 2AgX 3AgA 1B2gX 1B1uX 2B1uX 1B2uA 1B3uX 1B3gB 3B1uB 
    *  10   -0.036521  (   22,   19)  1AgX 2AgX 3AgB 1B2gX 1B1uX 2B1uX 1B2uB 1B3uX 1B3gA 3B1uA 
    *  11    0.036521  (   13,   14)  1AgX 2AgX 3AgA 1B2gB 1B1uX 2B1uX 1B2uX 1B3uA 1B3gX 3B1uB 
    *  12    0.036521  (   14,   13)  1AgX 2AgX 3AgB 1B2gA 1B1uX 2B1uX 1B2uX 1B3uB 1B3gX 3B1uA 
    *  13    0.034912  (   34,   34)  1AgX 2AgX 1B2gX 1B1uX 2B1uX 1B2uX 1B3uX 3B1uX 
    *  14   -0.034912  (   42,   42)  1AgX 2AgX 1B1uX 2B1uX 1B2uX 1B3uX 1B3gX 3B1uX 
    *  15   -0.023770  (   33,   35)  1AgX 2AgA 3AgX 1B2gX 1B1uX 2B1uX 1B2uB 1B3uX 1B3gA 3B1uB 
    *  16   -0.023770  (   35,   33)  1AgX 2AgB 3AgX 1B2gX 1B1uX 2B1uX 1B2uA 1B3uX 1B3gB 3B1uA 
    *  17    0.023770  (   39,   43)  1AgX 2AgA 3AgX 1B2gA 1B1uX 2B1uX 1B2uX 1B3uB 1B3gX 3B1uB 
    *  18    0.023770  (   43,   39)  1AgX 2AgB 3AgX 1B2gB 1B1uX 2B1uX 1B2uX 1B3uA 1B3gX 3B1uA 
    *  19    0.017677  (   35,   35)  1AgX 3AgX 1B2gX 1B1uX 2B1uX 1B2uX 1B3uX 3B1uX 
    *  20   -0.017677  (   43,   43)  1AgX 3AgX 1B1uX 2B1uX 1B2uX 1B3uX 1B3gX 3B1uX 

		 "A good bug is a dead bug" 

			 - Starship Troopers

		 "I didn't write FORTRAN.  That's the problem."

			 - Edward Valeev
