
Scratch directory: /tmp/
   => Libint2 <=

    Primary   basis highest AM E, G, H:  6, 6, 3
    Auxiliary basis highest AM E, G, H:  7, 7, 4
    Onebody   basis highest AM E, G, H:  -, -, -
    Solid Harmonics ordering:            Gaussian

*** tstart() called on pop-os
*** at Wed Jul 30 22:29:35 2025

   => Loading Basis Set <=

    Name: STO-6G
    Role: ORBITAL
    Keyword: BASIS
    atoms 1-2 entry N          line    99 file /home/yung/miniconda3/envs/qforte_env/share/psi4/basis/sto-6g.gbs 


         ---------------------------------------------------------
                                   SCF
               by Justin Turney, Rob Parrish, Andy Simmonett
                          and Daniel G. A. Smith
                              RHF Reference
                        1 Threads,   1907 MiB Core
         ---------------------------------------------------------

  ==> Geometry <==

    Molecular point group: d2h
    Full point group: D_inf_h

    Geometry (in Angstrom), charge = 0, multiplicity = 1:

       Center              X                  Y                   Z               Mass       
    ------------   -----------------  -----------------  -----------------  -----------------
         N            0.000000000000     0.000000000000    -1.000000000000    14.003074004430
         N            0.000000000000     0.000000000000     1.000000000000    14.003074004430

  Running in d2h symmetry.

  Rotational constants: A = ************  B =      0.60193  C =      0.60193 [cm^-1]
  Rotational constants: A = ************  B =  18045.28808  C =  18045.28808 [MHz]
  Nuclear repulsion =   12.964841661414997

  Charge       = 0
  Multiplicity = 1
  Electrons    = 14
  Nalpha       = 7
  Nbeta        = 7

  ==> Algorithm <==

  SCF Algorithm Type is PK.
  DIIS enabled.
  MOM disabled.
  Fractional occupation disabled.
  Guess Type is SAD.
  Energy threshold   = 1.00e-08
  Density threshold  = 1.00e-08
  Integral threshold = 1.00e-12

  ==> Primary Basis <==

  Basis Set: STO-6G
    Blend: STO-6G
    Number of shells: 6
    Number of basis functions: 10
    Number of Cartesian functions: 10
    Spherical Harmonics?: true
    Max angular momentum: 1

  ==> Integral Setup <==

  Using in-core PK algorithm.
   Calculation information:
      Number of atoms:                   2
      Number of AO shells:               6
      Number of primitives:             36
      Number of atomic orbitals:        10
      Number of basis functions:        10

      Integral cutoff                 1.00e-12
      Number of threads:                 1

  Performing in-core PK
  Using 3080 doubles for integral storage.
  We computed 225 shell quartets total.
  Whereas there are 231 unique shell quartets.

  ==> DiskJK: Disk-Based J/K Matrices <==

    J tasked:                  Yes
    K tasked:                  Yes
    wK tasked:                  No
    Memory [MiB]:             1430
    Schwarz Cutoff:          1E-12

    OpenMP threads:              1

  Minimum eigenvalue in the overlap matrix is 7.3173777704E-01.
  Reciprocal condition number of the overlap matrix is 5.7433771182E-01.
    Using symmetric orthogonalization.

  ==> Pre-Iterations <==

  SCF Guess: Superposition of Atomic Densities via on-the-fly atomic UHF (no occupation information).

   -------------------------
    Irrep   Nso     Nmo    
   -------------------------
     Ag         3       3 
     B1g        0       0 
     B2g        1       1 
     B3g        1       1 
     Au         0       0 
     B1u        3       3 
     B2u        1       1 
     B3u        1       1 
   -------------------------
    Total      10      10
   -------------------------

  ==> Iterations <==

                        Total Energy        Delta E     RMS |[F,P]|

   @RHF iter SAD:  -106.24900310528005   -1.06249e+02   0.00000e+00 
   @RHF iter   1:  -107.92838742170920   -1.67938e+00   3.58077e-03 DIIS/ADIIS
   @RHF iter   2:  -107.92867145126267   -2.84030e-04   8.22273e-04 DIIS/ADIIS
   @RHF iter   3:  -107.92868976913223   -1.83179e-05   8.43020e-05 DIIS
   @RHF iter   4:  -107.92868993633974   -1.67208e-07   1.47114e-08 DIIS
   @RHF iter   5:  -107.92868993633972    1.42109e-14   7.94867e-12 DIIS
  Energy and wave function converged.


  ==> Post-Iterations <==

    Orbital Energies [Eh]
    ---------------------

    Doubly Occupied:                                                      

       1Ag   -15.579100     1B1u  -15.579009     2Ag    -0.978510  
       2B1u   -0.837513     3Ag    -0.324267     1B2u   -0.245091  
       1B3u   -0.245091  

    Virtual:                                                              

       1B2g    0.068425     1B3g    0.068425     3B1u    0.211643  

    Final Occupation by Irrep:
             Ag   B1g   B2g   B3g    Au   B1u   B2u   B3u 
    DOCC [     3,    0,    0,    0,    0,    2,    1,    1 ]
    NA   [     3,    0,    0,    0,    0,    2,    1,    1 ]
    NB   [     3,    0,    0,    0,    0,    2,    1,    1 ]

  @RHF Final Energy:  -107.92868993633972

   => Energetics <=

    Nuclear Repulsion Energy =             12.9648416614149973
    One-Electron Energy =                -174.2098998759811650
    Two-Electron Energy =                  53.3163682782264488
    Total Energy =                       -107.9286899363397225

Computation Completed


Properties will be evaluated at   0.000000,   0.000000,   0.000000 [a0]

Properties computed using the SCF density matrix


 Multipole Moments:

 ------------------------------------------------------------------------------------
     Multipole            Electronic (a.u.)      Nuclear  (a.u.)        Total (a.u.)
 ------------------------------------------------------------------------------------

 L = 1.  Multiply by 2.5417464519 to convert [e a0] to [Debye]
 Dipole X            :          0.0000000            0.0000000            0.0000000
 Dipole Y            :          0.0000000            0.0000000            0.0000000
 Dipole Z            :          0.0000000            0.0000000            0.0000000
 Magnitude           :                                                    0.0000000

 ------------------------------------------------------------------------------------

*** tstop() called on pop-os at Wed Jul 30 22:29:35 2025
Module time:
	user time   =       0.18 seconds =       0.00 minutes
	system time =       0.00 seconds =       0.00 minutes
	total time  =          0 seconds =       0.00 minutes
Total time:
	user time   =       1.68 seconds =       0.03 minutes
	system time =       0.08 seconds =       0.00 minutes
	total time  =          2 seconds =       0.03 minutes

Scratch directory: /tmp/
   => Libint2 <=

    Primary   basis highest AM E, G, H:  6, 6, 3
    Auxiliary basis highest AM E, G, H:  7, 7, 4
    Onebody   basis highest AM E, G, H:  -, -, -
    Solid Harmonics ordering:            Gaussian

*** tstart() called on pop-os
*** at Wed Jul 30 22:29:35 2025

   => Loading Basis Set <=

    Name: STO-6G
    Role: ORBITAL
    Keyword: BASIS
    atoms 1-2 entry N          line    99 file /home/yung/miniconda3/envs/qforte_env/share/psi4/basis/sto-6g.gbs 


         ---------------------------------------------------------
                                   SCF
               by Justin Turney, Rob Parrish, Andy Simmonett
                          and Daniel G. A. Smith
                              RHF Reference
                        1 Threads,   1907 MiB Core
         ---------------------------------------------------------

  ==> Geometry <==

    Molecular point group: d2h
    Full point group: D_inf_h

    Geometry (in Angstrom), charge = 0, multiplicity = 1:

       Center              X                  Y                   Z               Mass       
    ------------   -----------------  -----------------  -----------------  -----------------
         N            0.000000000000     0.000000000000    -1.000000000000    14.003074004430
         N            0.000000000000     0.000000000000     1.000000000000    14.003074004430

  Running in d2h symmetry.

  Rotational constants: A = ************  B =      0.60193  C =      0.60193 [cm^-1]
  Rotational constants: A = ************  B =  18045.28808  C =  18045.28808 [MHz]
  Nuclear repulsion =   12.964841661414997

  Charge       = 0
  Multiplicity = 1
  Electrons    = 14
  Nalpha       = 7
  Nbeta        = 7

  ==> Algorithm <==

  SCF Algorithm Type is PK.
  DIIS enabled.
  MOM disabled.
  Fractional occupation disabled.
  Guess Type is SAD.
  Energy threshold   = 1.00e-08
  Density threshold  = 1.00e-08
  Integral threshold = 1.00e-12

  ==> Primary Basis <==

  Basis Set: STO-6G
    Blend: STO-6G
    Number of shells: 6
    Number of basis functions: 10
    Number of Cartesian functions: 10
    Spherical Harmonics?: true
    Max angular momentum: 1

  ==> Integral Setup <==

  Using in-core PK algorithm.
   Calculation information:
      Number of atoms:                   2
      Number of AO shells:               6
      Number of primitives:             36
      Number of atomic orbitals:        10
      Number of basis functions:        10

      Integral cutoff                 1.00e-12
      Number of threads:                 1

  Performing in-core PK
  Using 3080 doubles for integral storage.
  We computed 225 shell quartets total.
  Whereas there are 231 unique shell quartets.

  ==> DiskJK: Disk-Based J/K Matrices <==

    J tasked:                  Yes
    K tasked:                  Yes
    wK tasked:                  No
    Memory [MiB]:             1430
    Schwarz Cutoff:          1E-12

    OpenMP threads:              1

  Minimum eigenvalue in the overlap matrix is 7.3173777704E-01.
  Reciprocal condition number of the overlap matrix is 5.7433771182E-01.
    Using symmetric orthogonalization.

  ==> Pre-Iterations <==

  SCF Guess: Superposition of Atomic Densities via on-the-fly atomic UHF (no occupation information).

   -------------------------
    Irrep   Nso     Nmo    
   -------------------------
     Ag         3       3 
     B1g        0       0 
     B2g        1       1 
     B3g        1       1 
     Au         0       0 
     B1u        3       3 
     B2u        1       1 
     B3u        1       1 
   -------------------------
    Total      10      10
   -------------------------

  ==> Iterations <==

                        Total Energy        Delta E     RMS |[F,P]|

   @RHF iter SAD:  -106.24900310528005   -1.06249e+02   0.00000e+00 
   @RHF iter   1:  -107.92838742170920   -1.67938e+00   3.58077e-03 DIIS/ADIIS
   @RHF iter   2:  -107.92867145126267   -2.84030e-04   8.22273e-04 DIIS/ADIIS
   @RHF iter   3:  -107.92868976913223   -1.83179e-05   8.43020e-05 DIIS
   @RHF iter   4:  -107.92868993633974   -1.67208e-07   1.47114e-08 DIIS
   @RHF iter   5:  -107.92868993633972    1.42109e-14   7.94867e-12 DIIS
  Energy and wave function converged.


  ==> Post-Iterations <==

    Orbital Energies [Eh]
    ---------------------

    Doubly Occupied:                                                      

       1Ag   -15.579100     1B1u  -15.579009     2Ag    -0.978510  
       2B1u   -0.837513     3Ag    -0.324267     1B2u   -0.245091  
       1B3u   -0.245091  

    Virtual:                                                              

       1B2g    0.068425     1B3g    0.068425     3B1u    0.211643  

    Final Occupation by Irrep:
             Ag   B1g   B2g   B3g    Au   B1u   B2u   B3u 
    DOCC [     3,    0,    0,    0,    0,    2,    1,    1 ]
    NA   [     3,    0,    0,    0,    0,    2,    1,    1 ]
    NB   [     3,    0,    0,    0,    0,    2,    1,    1 ]

  @RHF Final Energy:  -107.92868993633972

   => Energetics <=

    Nuclear Repulsion Energy =             12.9648416614149973
    One-Electron Energy =                -174.2098998759811650
    Two-Electron Energy =                  53.3163682782264488
    Total Energy =                       -107.9286899363397225

Computation Completed


Properties will be evaluated at   0.000000,   0.000000,   0.000000 [a0]

Properties computed using the SCF density matrix


 Multipole Moments:

 ------------------------------------------------------------------------------------
     Multipole            Electronic (a.u.)      Nuclear  (a.u.)        Total (a.u.)
 ------------------------------------------------------------------------------------

 L = 1.  Multiply by 2.5417464519 to convert [e a0] to [Debye]
 Dipole X            :          0.0000000            0.0000000            0.0000000
 Dipole Y            :          0.0000000            0.0000000            0.0000000
 Dipole Z            :          0.0000000            0.0000000            0.0000000
 Magnitude           :                                                    0.0000000

 ------------------------------------------------------------------------------------

*** tstop() called on pop-os at Wed Jul 30 22:29:35 2025
Module time:
	user time   =       0.18 seconds =       0.00 minutes
	system time =       0.01 seconds =       0.00 minutes
	total time  =          0 seconds =       0.00 minutes
Total time:
	user time   =       1.90 seconds =       0.03 minutes
	system time =       0.09 seconds =       0.00 minutes
	total time  =          2 seconds =       0.03 minutes
 MINTS: Wrapper to libmints.
   by Justin Turney

   Calculation information:
      Number of threads:                 1
      Number of atoms:                   2
      Number of AO shells:               6
      Number of SO shells:               3
      Number of primitives:             36
      Number of atomic orbitals:        10
      Number of basis functions:        10

      Number of irreps:                  8
      Integral cutoff                 1.00e-12
      Number of functions per irrep: [   3    0    1    1    0    3    1    1 ]

 OEINTS: Overlap, kinetic, potential, dipole, and quadrupole integrals
         stored in file 35.

      Computing two-electron integrals...done
      Computed 292 non-zero two-electron integrals.
        Stored in file 33.


         ---------------------------------------------------------
                          Configuration Interaction
                            (a 'D E T C I' module)

                 C. David Sherrill, Daniel G. A. Smith, and
                              Matt L. Leininger
         ---------------------------------------------------------


   ==> Parameters <==

    EX LEVEL       =       14      H0 BLOCKSIZE  =     1000
    VAL EX LEVEL   =        0      H0 GUESS SIZE =     1000
    H0COUPLINGSIZE =        0      H0 COUPLING   =       NO
    MAXITER        =      100      NUM PRINT     =       20
    NUM ROOTS      =        1      ICORE         =        1
    PRINT LVL      =        1      FCI           =      YES
    R CONV         = 1.00e-04      MIXED         =      YES
    E CONV         = 1.00e-08      MIXED4        =      YES
    R4S            =       NO      REPL OTF      =       NO
    DIAG METHOD    =      SEM      FOLLOW ROOT   =        0
    PRECONDITIONER = DAVIDSON      UPDATE        = DAVIDSON
    S              =   0.0000      Ms0           =      YES
    GUESS VECTOR   =  H0BLOCK      OPENTYPE      =     NONE
    COLLAPSE SIZE  =        1      HD AVG        = EVANGELISTI
    MAX NUM VECS   =      101      REF SYM       =     AUTO
    IOPEN        =       NO

    EX ALLOW       =  1  1  1  1  1  1  1  1  1  1  1  1  1  1 
    STATE AVERAGE  =  0(1.00) 

   ==> CI Orbital and Space information <==

   ------------------------------------------------------------------------------
               Space    Total    Ag   B1g   B2g   B3g    Au   B1u   B2u   B3u
   ------------------------------------------------------------------------------
                 Nso       10     3     0     1     1     0     3     1     1
                 Nmo       10     3     0     1     1     0     3     1     1
               Ndocc        7     3     0     0     0     0     2     1     1
               Nsocc        0     0     0     0     0     0     0     0     0
   ------------------------------------------------------------------------------
                                   CI Spaces
   ------------------------------------------------------------------------------
        Dropped DOCC        0     0     0     0     0     0     0     0     0
              Active       10     3     0     1     1     0     3     1     1
        Dropped UOCC        0     0     0     0     0     0     0     0     0
   ------------------------------------------------------------------------------

   ==> Setting up CI strings <==

    There are 120 alpha and 120 beta strings
    The CI space requires 1824 (1.82E+03) determinants and 8 blocks

   ==> Transforming CI integrals <==

	Presorting SO-basis two-electron integrals.
	Sorting File: SO Ints (nn|nn) nbuckets = 1
	Constructing frozen core operators
	Starting first half-transformation.
	Sorting half-transformed integrals.
	First half integral transformation complete.
	Starting second half-transformation.
	Two-electron integral transformation complete.

   ==> Starting CI iterations <==

    H0 Block Eigenvalue = -108.51429740

    Simultaneous Expansion Method (Block Davidson Method)
    Using 1 initial trial vectors

     Iter   Root       Total Energy       Delta E      C RMS

   @CI  0:     0   -108.514297400199   -1.2148E+02   1.1329E-02  
   @CI  1:     0   -108.514301235696   -3.8355E-06   3.0990E-04  
   @CI  2:     0   -108.514301240749   -5.0529E-09   3.6488E-05 c

   ==> Energetics <==

    SCF energy =         -107.928689936339723
    Total CI energy =    -108.514301240748765

   ==> FCI root 0 information <==

    FCI Root 0 energy =  -108.514301240748765

   The 20 most important determinants:

    *   1    0.493963  (   16,   16)  1AgX 2AgX 3AgX 1B1uX 2B1uX 1B2uX 1B3uX 
    *   2   -0.349131  (   60,   60)  1AgX 2AgX 3AgX 1B1uX 2B1uX 1B2uX 1B2gX 
    *   3   -0.349131  (   61,   61)  1AgX 2AgX 3AgX 1B1uX 2B1uX 1B3uX 1B3gX 
    *   4    0.265251  (   17,   17)  1AgX 2AgX 3AgX 1B1uX 2B1uX 1B2gX 1B3gX 
    *   5    0.223752  (   72,   73)  1AgX 2AgX 3AgX 1B1uX 2B1uX 1B2uB 1B3uA 1B2gA 1B3gB 
    *   6    0.223752  (   73,   72)  1AgX 2AgX 3AgX 1B1uX 2B1uX 1B2uA 1B3uB 1B2gB 1B3gA 
    *   7   -0.172604  (   62,   62)  1AgX 2AgX 1B1uX 2B1uX 1B2uX 1B3uX 3B1uX 
    *   8    0.148548  (   23,   23)  1AgX 2AgX 1B1uX 2B1uX 1B3uX 1B3gX 3B1uX 
    *   9    0.148548  (   20,   20)  1AgX 2AgX 1B1uX 2B1uX 1B2uX 1B2gX 3B1uX 
    *  10   -0.138316  (   69,   69)  1AgX 2AgX 1B1uX 2B1uX 1B2gX 1B3gX 3B1uX 
    *  11   -0.124250  (   28,   33)  1AgX 2AgX 3AgB 1B1uX 2B1uX 1B2uA 1B3uX 1B3gA 3B1uB 
    *  12   -0.124250  (   33,   28)  1AgX 2AgX 3AgA 1B1uX 2B1uX 1B2uB 1B3uX 1B3gB 3B1uA 
    *  13    0.124250  (   44,   49)  1AgX 2AgX 3AgB 1B1uX 2B1uX 1B2uX 1B3uA 1B2gA 3B1uB 
    *  14    0.124250  (   49,   44)  1AgX 2AgX 3AgA 1B1uX 2B1uX 1B2uX 1B3uB 1B2gB 3B1uA 
    *  15    0.121540  (   60,   61)  1AgX 2AgX 3AgX 1B1uX 2B1uX 1B2uA 1B3uB 1B2gA 1B3gB 
    *  16    0.121540  (   61,   60)  1AgX 2AgX 3AgX 1B1uX 2B1uX 1B2uB 1B3uA 1B2gB 1B3gA 
    *  17   -0.102212  (   16,   17)  1AgX 2AgX 3AgX 1B1uX 2B1uX 1B2uA 1B3uA 1B2gB 1B3gB 
    *  18   -0.102212  (   17,   16)  1AgX 2AgX 3AgX 1B1uX 2B1uX 1B2uB 1B3uB 1B2gA 1B3gA 
    *  19    0.099952  (  106,  109)  1AgX 2AgX 3AgB 1B1uX 2B1uX 1B2uA 1B2gX 1B3gA 3B1uB 
    *  20    0.099952  (  109,  106)  1AgX 2AgX 3AgA 1B1uX 2B1uX 1B2uB 1B2gX 1B3gB 3B1uA 

		 "A good bug is a dead bug" 

			 - Starship Troopers

		 "I didn't write FORTRAN.  That's the problem."

			 - Edward Valeev
